[debug] [2026-01-30T09:11:07.170Z] ----------------------------------------------------------------------
[debug] [2026-01-30T09:11:07.171Z] Command:       C:\Program Files\nodejs\node.exe C:\Users\liujiwei\AppData\Roaming\npm\node_modules\firebase-tools\lib\bin\firebase.js init hosting --project default
[debug] [2026-01-30T09:11:07.171Z] CLI Version:   15.5.1
[debug] [2026-01-30T09:11:07.171Z] Platform:      win32
[debug] [2026-01-30T09:11:07.171Z] Node Version:  v24.11.1
[debug] [2026-01-30T09:11:07.171Z] Time:          Fri Jan 30 2026 17:11:07 GMT+0800 (中国标准时间)
[debug] [2026-01-30T09:11:07.171Z] ----------------------------------------------------------------------
[debug] 
[info] 
     ######## #### ########  ######## ########     ###     ######  ########
     ##        ##  ##     ## ##       ##     ##  ##   ##  ##       ##
     ######    ##  ########  ######   ########  #########  ######  ######
     ##        ##  ##    ##  ##       ##     ## ##     ##       ## ##
     ##       #### ##     ## ######## ########  ##     ##  ######  ########

You're about to initialize a Firebase project in this directory:

  D:\Project-Aurora

[info] 
=== Project Setup
[info] 
[info] First, let's associate this project directory with a Firebase project.
[info] You can create multiple project aliases by running firebase use --add, 
[info] 
[debug] [2026-01-30T09:11:25.764Z] > command requires scopes: ["email","openid","https://www.googleapis.com/auth/cloudplatformprojects.readonly","https://www.googleapis.com/auth/firebase","https://www.googleapis.com/auth/cloud-platform"]
[debug] [2026-01-30T09:11:27.246Z] Running auto auth
[debug] [2026-01-30T09:11:27.246Z] No OAuth tokens found
[debug] [2026-01-30T09:11:27.247Z] >>> [apiv2][query] GET https://firebase.googleapis.com/v1beta1/projects/default [none]
[debug] [2026-01-30T09:11:29.046Z] <<< [apiv2][status] GET https://firebase.googleapis.com/v1beta1/projects/default 403
[debug] [2026-01-30T09:11:29.046Z] <<< [apiv2][body] GET https://firebase.googleapis.com/v1beta1/projects/default {"error":{"code":403,"message":"The caller does not have permission","status":"PERMISSION_DENIED"}}
[debug] [2026-01-30T09:11:29.046Z] Request to https://firebase.googleapis.com/v1beta1/projects/default had HTTP Error: 403, The caller does not have permission
[debug] [2026-01-30T09:11:29.047Z] FirebaseError: Request to https://firebase.googleapis.com/v1beta1/projects/default had HTTP Error: 403, The caller does not have permission
    at responseToError (C:\Users\liujiwei\AppData\Roaming\npm\node_modules\firebase-tools\lib\responseToError.js:53:12)
    at RetryOperation._fn (C:\Users\liujiwei\AppData\Roaming\npm\node_modules\firebase-tools\lib\apiv2.js:330:77)
    at process.processTicksAndRejections (node:internal/process/task_queues:103:5)
[error] 
[error] Error: Failed to get Firebase project default. Please make sure the project exists and your account has permission to access it.
[debug] [2026-01-30T09:11:44.486Z] ----------------------------------------------------------------------
[debug] [2026-01-30T09:11:44.488Z] Command:       C:\Program Files\nodejs\node.exe C:\Users\liujiwei\AppData\Roaming\npm\node_modules\firebase-tools\lib\bin\firebase.js init hosting:github --project default
[debug] [2026-01-30T09:11:44.488Z] CLI Version:   15.5.1
[debug] [2026-01-30T09:11:44.488Z] Platform:      win32
[debug] [2026-01-30T09:11:44.488Z] Node Version:  v24.11.1
[debug] [2026-01-30T09:11:44.488Z] Time:          Fri Jan 30 2026 17:11:44 GMT+0800 (中国标准时间)
[debug] [2026-01-30T09:11:44.488Z] ----------------------------------------------------------------------
[debug] 
[info] 
     ######## #### ########  ######## ########     ###     ######  ########
     ##        ##  ##     ## ##       ##     ##  ##   ##  ##       ##
     ######    ##  ########  ######   ########  #########  ######  ######
     ##        ##  ##    ##  ##       ##     ## ##     ##       ## ##
     ##       #### ##     ## ######## ########  ##     ##  ######  ########

You're about to initialize a Firebase project in this directory:

  D:\Project-Aurora

Before we get started, keep in mind:

  * You are initializing within an existing Firebase project directory

[info] 
=== Project Setup
[info] 
[info] First, let's associate this project directory with a Firebase project.
[info] You can create multiple project aliases by running firebase use --add, 
[info] 
[debug] [2026-01-30T09:11:56.321Z] > command requires scopes: ["email","openid","https://www.googleapis.com/auth/cloudplatformprojects.readonly","https://www.googleapis.com/auth/firebase","https://www.googleapis.com/auth/cloud-platform"]
[debug] [2026-01-30T09:11:57.747Z] Running auto auth
[debug] [2026-01-30T09:11:57.747Z] No OAuth tokens found
[debug] [2026-01-30T09:11:57.748Z] >>> [apiv2][query] GET https://firebase.googleapis.com/v1beta1/projects/default [none]
[debug] [2026-01-30T09:11:59.548Z] <<< [apiv2][status] GET https://firebase.googleapis.com/v1beta1/projects/default 403
[debug] [2026-01-30T09:11:59.548Z] <<< [apiv2][body] GET https://firebase.googleapis.com/v1beta1/projects/default {"error":{"code":403,"message":"The caller does not have permission","status":"PERMISSION_DENIED"}}
[debug] [2026-01-30T09:11:59.549Z] Request to https://firebase.googleapis.com/v1beta1/projects/default had HTTP Error: 403, The caller does not have permission
[debug] [2026-01-30T09:11:59.549Z] FirebaseError: Request to https://firebase.googleapis.com/v1beta1/projects/default had HTTP Error: 403, The caller does not have permission
    at responseToError (C:\Users\liujiwei\AppData\Roaming\npm\node_modules\firebase-tools\lib\responseToError.js:53:12)
    at RetryOperation._fn (C:\Users\liujiwei\AppData\Roaming\npm\node_modules\firebase-tools\lib\apiv2.js:330:77)
    at process.processTicksAndRejections (node:internal/process/task_queues:103:5)
[error] 
[error] Error: Failed to get Firebase project default. Please make sure the project exists and your account has permission to access it.
